COMMAND: cargo fmt --manifest-path geosolver-core\Cargo.toml --check
EXIT_CODE: 0

COMMAND: python geosolver-core\scripts\audit_v4_conformance.py --phase P12 --strict
RGDTPK-Q v4 finite candidate-cover static audit
root: C:\Users\bakat\OneDrive\ドキュメント\bakaGeometry\geosolver-core
phase: P12
production_rust_files: 103
findings: 0
EXIT_CODE: 0

COMMAND: cargo test --manifest-path geosolver-core\Cargo.toml --lib universal_elimination -- --nocapture
RESULT: 10 passed; 0 failed; 0 ignored; 0 measured; 273 filtered out.
EXIT_CODE: 0

COMMAND: cargo test --manifest-path geosolver-core\Cargo.toml --lib elimination -- --nocapture
RESULT: 17 passed; 0 failed; 0 ignored; 0 measured; 266 filtered out.
EXIT_CODE: 0

COMMAND: cargo test --manifest-path geosolver-core\Cargo.toml --test fcr_p11_red_team_suite -- --nocapture
RESULT: 10 passed; 0 failed; 0 ignored; 0 measured; 0 filtered out.
EXIT_CODE: 0

COMMAND: cargo test --manifest-path geosolver-core\Cargo.toml --test p12g_generality_stress -- --nocapture
RESULT: 1 passed; 0 failed; 0 ignored; 0 measured; 0 filtered out.
EXIT_CODE: 0

COMMAND: cargo test --manifest-path geosolver-core\Cargo.toml --lib verify_message -- --nocapture
RESULT: 0 passed; 0 failed; 0 ignored; 0 measured; 283 filtered out.
EXIT_CODE: 0

COMMAND: cargo test --manifest-path geosolver-core\Cargo.toml --no-run
RESULT: all lib and integration test executables compiled.
EXIT_CODE: 0

