Purpose: P17 fresh command evidence
Status: evidence, non-authoritative

# P17 Commands

Working directory:
`C:\Users\bakat\OneDrive\ドキュメント\bakaGeometry`

## 1. Format Check

Command:
`cargo fmt --manifest-path geosolver-core\Cargo.toml --check`

Result:
exit code 0

## 2. Phase Static Audit

Command:
`python geosolver-core\scripts\audit_v4_conformance.py --phase P17 --strict`

Output:
```text
RGDTPK-Q v4 finite candidate-cover static audit
root: C:\Users\bakat\OneDrive\ドキュメント\bakaGeometry\geosolver-core
phase: P17
production_rust_files: 103
findings: 0
```

Result:
exit code 0

## 3. Run Certificate Tests

Command:
`cargo test --manifest-path geosolver-core\Cargo.toml --lib run_certificate -- --nocapture`

Output summary:
```text
running 6 tests
test result: ok. 6 passed; 0 failed; 0 ignored; 0 measured; 280 filtered out
```

Result:
exit code 0

## 4. Replay Tests

Command:
`cargo test --manifest-path geosolver-core\Cargo.toml --lib replay -- --nocapture`

Output summary:
```text
running 27 tests
test result: ok. 27 passed; 0 failed; 0 ignored; 0 measured; 259 filtered out
```

Result:
exit code 0

## 5. Pipeline Tests

Command:
`cargo test --manifest-path geosolver-core\Cargo.toml --lib pipeline -- --nocapture`

Output summary:
```text
running 13 tests
test result: ok. 13 passed; 0 failed; 0 ignored; 0 measured; 273 filtered out
```

Result:
exit code 0

## 6. Full Pipeline Integration

Command:
`cargo test --manifest-path geosolver-core\Cargo.toml --test p14_full_pipeline_integration -- --nocapture`

Output summary:
```text
running 10 tests
test result: ok. 10 passed; 0 failed; 0 ignored; 0 measured; 0 filtered out
```

Result:
exit code 0

## 7. Acceptance Stress

Command:
`cargo test --manifest-path geosolver-core\Cargo.toml --test p15_acceptance_stress -- --nocapture`

Output summary:
```text
running 6 tests
test p15_anti_decoration_replay_rejects_tamper_and_deletion has been running for over 60 seconds
test result: ok. 6 passed; 0 failed; 0 ignored; 0 measured; 0 filtered out; finished in 101.66s
```

Result:
exit code 0

## 8. Compile All Test Targets

Command:
`cargo test --manifest-path geosolver-core\Cargo.toml --no-run`

Output summary:
```text
Finished `test` profile [unoptimized + debuginfo] target(s) in 3.30s
Executable unittests src\lib.rs
Executable tests\acr_p9_large_footprint_stress.rs
Executable tests\ccc_candidate_cover_completion.rs
Executable tests\fcr_final_nonfinite_semantics.rs
Executable tests\fcr_p10_acceptance_suite.rs
Executable tests\fcr_p11_red_team_suite.rs
Executable tests\fcr_p4_pure_planning.rs
Executable tests\generic_success_route_planner.rs
Executable tests\gpsr_generic_planner_success_route.rs
Executable tests\p12_roots_decode_integration.rs
Executable tests\p12g_generality_stress.rs
Executable tests\p13_exact_image_semantics.rs
Executable tests\p14_full_pipeline_integration.rs
Executable tests\p15_acceptance_stress.rs
Executable tests\p3_public_pipeline_integration.rs
```

Result:
exit code 0
